<?xml version="1.0" encoding="UTF-8"?>
<testng-results ignored="0" total="9" passed="9" failed="0" skipped="0">
  <reporter-output>
  </reporter-output>
  <suite started-at="2025-07-29T11:44:30 IST" name="Default suite" finished-at="2025-07-29T11:45:59 IST" duration-ms="88950">
    <groups>
    </groups>
    <test started-at="2025-07-29T11:44:30 IST" name="Default test" finished-at="2025-07-29T11:45:59 IST" duration-ms="88950">
      <class name="nexus.neural.NexusTesting">
        <test-method is-config="true" signature="setUp()[pri:0, instance:nexus.neural.NexusTesting@3fc2959f]" started-at="2025-07-29T11:44:30 IST" name="setUp" finished-at="2025-07-29T11:44:44 IST" duration-ms="14874" status="PASS">
          <reporter-output>
          </reporter-output>
        </test-method> <!-- setUp -->
        <test-method signature="Test1()[pri:0, instance:nexus.neural.NexusTesting@3fc2959f]" started-at="2025-07-29T11:44:45 IST" name="Test1" finished-at="2025-07-29T11:44:57 IST" duration-ms="12934" status="PASS">
          <reporter-output>
          </reporter-output>
        </test-method> <!-- Test1 -->
        <test-method signature="Test2()[pri:0, instance:nexus.neural.NexusTesting@3fc2959f]" started-at="2025-07-29T11:44:57 IST" name="Test2" finished-at="2025-07-29T11:45:05 IST" duration-ms="7796" status="PASS">
          <reporter-output>
          </reporter-output>
        </test-method> <!-- Test2 -->
        <test-method signature="Test3()[pri:0, instance:nexus.neural.NexusTesting@3fc2959f]" started-at="2025-07-29T11:45:05 IST" name="Test3" finished-at="2025-07-29T11:45:09 IST" duration-ms="3262" status="PASS">
          <reporter-output>
          </reporter-output>
        </test-method> <!-- Test3 -->
        <test-method signature="Test4()[pri:0, instance:nexus.neural.NexusTesting@3fc2959f]" started-at="2025-07-29T11:45:09 IST" name="Test4" finished-at="2025-07-29T11:45:11 IST" duration-ms="2641" status="PASS">
          <reporter-output>
          </reporter-output>
        </test-method> <!-- Test4 -->
        <test-method signature="Test5()[pri:0, instance:nexus.neural.NexusTesting@3fc2959f]" started-at="2025-07-29T11:45:11 IST" name="Test5" finished-at="2025-07-29T11:45:14 IST" duration-ms="2716" status="PASS">
          <reporter-output>
          </reporter-output>
        </test-method> <!-- Test5 -->
        <test-method signature="Test6()[pri:0, instance:nexus.neural.NexusTesting@3fc2959f]" started-at="2025-07-29T11:45:14 IST" name="Test6" finished-at="2025-07-29T11:45:27 IST" duration-ms="12728" status="PASS">
          <reporter-output>
          </reporter-output>
        </test-method> <!-- Test6 -->
        <test-method signature="Test7()[pri:0, instance:nexus.neural.NexusTesting@3fc2959f]" started-at="2025-07-29T11:45:27 IST" name="Test7" finished-at="2025-07-29T11:45:41 IST" duration-ms="14119" status="PASS">
          <reporter-output>
          </reporter-output>
        </test-method> <!-- Test7 -->
        <test-method signature="Test8()[pri:0, instance:nexus.neural.NexusTesting@3fc2959f]" started-at="2025-07-29T11:45:41 IST" name="Test8" finished-at="2025-07-29T11:45:47 IST" duration-ms="5986" status="PASS">
          <reporter-output>
          </reporter-output>
        </test-method> <!-- Test8 -->
        <test-method signature="Test9()[pri:0, instance:nexus.neural.NexusTesting@3fc2959f]" started-at="2025-07-29T11:45:47 IST" name="Test9" finished-at="2025-07-29T11:45:51 IST" duration-ms="4459" status="PASS">
          <reporter-output>
          </reporter-output>
        </test-method> <!-- Test9 -->
        <test-method is-config="true" signature="tearDown()[pri:0, instance:nexus.neural.NexusTesting@3fc2959f]" started-at="2025-07-29T11:45:51 IST" name="tearDown" finished-at="2025-07-29T11:45:59 IST" duration-ms="7320" status="PASS">
          <reporter-output>
          </reporter-output>
        </test-method> <!-- tearDown -->
      </class> <!-- nexus.neural.NexusTesting -->
    </test> <!-- Default test -->
  </suite> <!-- Default suite -->
</testng-results>
